<?xml version="1.0" encoding="UTF-8"?>
<testsuites name="jest tests" tests="10" failures="0" errors="0" time="4.041">
  <testsuite name="p2tHttpService" errors="0" failures="0" skipped="0" timestamp="2024-06-03T13:02:39" time="2.057" tests="2">
    <testcase classname="p2tHttpService should be created" name="p2tHttpService should be created" time="0.022">
    </testcase>
    <testcase classname="p2tHttpService should call postP2T with correct parameters" name="p2tHttpService should call postP2T with correct parameters" time="0.007">
    </testcase>
  </testsuite>
  <testsuite name="t2pHttpService" errors="0" failures="0" skipped="0" timestamp="2024-06-03T13:02:39" time="2.123" tests="1">
    <testcase classname="t2pHttpService should be created" name="t2pHttpService should be created" time="0.022">
    </testcase>
  </testsuite>
  <testsuite name="HomeComponent" errors="0" failures="0" skipped="0" timestamp="2024-06-03T13:02:39" time="2.187" tests="1">
    <testcase classname="HomeComponent should create" name="HomeComponent should create" time="0.206">
    </testcase>
  </testsuite>
  <testsuite name="AppComponent" errors="0" failures="0" skipped="0" timestamp="2024-06-03T13:02:39" time="2.212" tests="2">
    <testcase classname="AppComponent should create the app" name="AppComponent should create the app" time="0.208">
    </testcase>
    <testcase classname="AppComponent should have as title &apos;woped-frontend&apos;" name="AppComponent should have as title &apos;woped-frontend&apos;" time="0.011">
    </testcase>
  </testsuite>
  <testsuite name="P2tComponent" errors="0" failures="0" skipped="0" timestamp="2024-06-03T13:02:39" time="2.421" tests="4">
    <testcase classname="P2tComponent should enter API key" name="P2tComponent should enter API key" time="0.211">
    </testcase>
    <testcase classname="P2tComponent should prompt for API key" name="P2tComponent should prompt for API key" time="0.014">
    </testcase>
    <testcase classname="P2tComponent should get display API key" name="P2tComponent should get display API key" time="0.015">
    </testcase>
    <testcase classname="P2tComponent should edit prompt" name="P2tComponent should edit prompt" time="0.01">
    </testcase>
  </testsuite>
</testsuites>